<?xml version="1.0" encoding="UTF-8"?>
<!-- Generated by org.testng.reporters.JUnitXMLReporter -->
<testsuite hostname="DESKTOP-IVOHGAO" ignored="0" name="SearchFunctionVerification" tests="1" failures="1" timestamp="08 May 2018 14:30:48 GMT" time="15.313" errors="0">
  <testcase name="invalidLoginTest_InvalidUserNameInvalidPassword" time="5.719" classname="net.meritagehomes.uat.SearchTest">
    <failure type="java.lang.AssertionError" message="expected [Build2 a Home with Meritage Homes] but found [Build a Home with Meritage Homes]">
      <![CDATA[java.lang.AssertionError: expected [Build2 a Home with Meritage Homes] but found [Build a Home with Meritage Homes]
	at net.meritagehomes.uat.pages.HomePage.verifyTitle_aroundBody2(HomePage.java:41)
	at net.meritagehomes.uat.pages.HomePage$AjcClosure3.run(HomePage.java:1)
	at io.qameta.allure.aspects.StepsAspects.step(StepsAspects.java:46)
	at net.meritagehomes.uat.pages.HomePage.verifyTitle(HomePage.java:41)
	at net.meritagehomes.uat.SearchTest.invalidLoginTest_InvalidUserNameInvalidPassword(SearchTest.java:19)
... Removed 35 stack frames]]>
    </failure>
  </testcase> <!-- invalidLoginTest_InvalidUserNameInvalidPassword -->
</testsuite> <!-- SearchFunctionVerification -->
