<?xml version="1.0" encoding="UTF-8"?>
<testng-results skipped="0" failed="1" ignored="0" total="1" passed="0">
  <reporter-output>
  </reporter-output>
  <suite name="Initial Suite" duration-ms="15313" started-at="2018-05-08T14:30:33Z" finished-at="2018-05-08T14:30:48Z">
    <groups>
    </groups>
    <test name="SearchFunctionVerification" duration-ms="15313" started-at="2018-05-08T14:30:33Z" finished-at="2018-05-08T14:30:48Z">
      <class name="net.meritagehomes.uat.SearchTest">
        <test-method status="PASS" signature="setup()[pri:0, instance:net.meritagehomes.uat.SearchTest@c7a975a]" name="setup" is-config="true" duration-ms="6516" started-at="2018-05-08T09:30:33Z" finished-at="2018-05-08T09:30:39Z">
          <reporter-output>
          </reporter-output>
        </test-method> <!-- setup -->
        <test-method status="PASS" signature="methodLevelSetup()[pri:0, instance:net.meritagehomes.uat.SearchTest@c7a975a]" name="methodLevelSetup" is-config="true" duration-ms="3" started-at="2018-05-08T09:30:39Z" finished-at="2018-05-08T09:30:39Z">
          <reporter-output>
          </reporter-output>
        </test-method> <!-- methodLevelSetup -->
        <test-method status="FAIL" signature="invalidLoginTest_InvalidUserNameInvalidPassword()[pri:0, instance:net.meritagehomes.uat.SearchTest@c7a975a]" name="invalidLoginTest_InvalidUserNameInvalidPassword" duration-ms="5719" started-at="2018-05-08T09:30:39Z" description="Test description in @Test annotation" finished-at="2018-05-08T09:30:45Z">
          <exception class="java.lang.AssertionError">
            <message>
              <![CDATA[expected [Build2 a Home with Meritage Homes] but found [Build a Home with Meritage Homes]]]>
            </message>
            <full-stacktrace>
              <![CDATA[java.lang.AssertionError: expected [Build2 a Home with Meritage Homes] but found [Build a Home with Meritage Homes]
	at org.testng.Assert.fail(Assert.java:93)
	at org.testng.Assert.failNotEquals(Assert.java:512)
	at org.testng.Assert.assertEqualsImpl(Assert.java:134)
	at org.testng.Assert.assertEquals(Assert.java:115)
	at org.testng.Assert.assertEquals(Assert.java:189)
	at org.testng.Assert.assertEquals(Assert.java:199)
	at net.meritagehomes.uat.pages.HomePage.verifyTitle_aroundBody2(HomePage.java:41)
	at net.meritagehomes.uat.pages.HomePage$AjcClosure3.run(HomePage.java:1)
	at org.aspectj.runtime.reflect.JoinPointImpl.proceed(JoinPointImpl.java:149)
	at io.qameta.allure.aspects.StepsAspects.step(StepsAspects.java:46)
	at net.meritagehomes.uat.pages.HomePage.verifyTitle(HomePage.java:41)
	at net.meritagehomes.uat.SearchTest.invalidLoginTest_InvalidUserNameInvalidPassword(SearchTest.java:19)
	at sun.reflect.NativeMethodAccessorImpl.invoke0(Native Method)
	at sun.reflect.NativeMethodAccessorImpl.invoke(NativeMethodAccessorImpl.java:62)
	at sun.reflect.DelegatingMethodAccessorImpl.invoke(DelegatingMethodAccessorImpl.java:43)
	at java.lang.reflect.Method.invoke(Method.java:498)
	at org.testng.internal.MethodInvocationHelper.invokeMethod(MethodInvocationHelper.java:108)
	at org.testng.internal.Invoker.invokeMethod(Invoker.java:661)
	at org.testng.internal.Invoker.invokeTestMethod(Invoker.java:869)
	at org.testng.internal.Invoker.invokeTestMethods(Invoker.java:1193)
	at org.testng.internal.TestMethodWorker.invokeTestMethods(TestMethodWorker.java:126)
	at org.testng.internal.TestMethodWorker.run(TestMethodWorker.java:109)
	at org.testng.TestRunner.privateRun(TestRunner.java:744)
	at org.testng.TestRunner.run(TestRunner.java:602)
	at org.testng.SuiteRunner.runTest(SuiteRunner.java:380)
	at org.testng.SuiteRunner.runSequentially(SuiteRunner.java:375)
	at org.testng.SuiteRunner.privateRun(SuiteRunner.java:340)
	at org.testng.SuiteRunner.run(SuiteRunner.java:289)
	at org.testng.SuiteRunnerWorker.runSuite(SuiteRunnerWorker.java:52)
	at org.testng.SuiteRunnerWorker.run(SuiteRunnerWorker.java:86)
	at org.testng.TestNG.runSuitesSequentially(TestNG.java:1301)
	at org.testng.TestNG.runSuitesLocally(TestNG.java:1226)
	at org.testng.TestNG.runSuites(TestNG.java:1144)
	at org.testng.TestNG.run(TestNG.java:1115)
	at org.apache.maven.surefire.testng.TestNGExecutor.run(TestNGExecutor.java:283)
	at org.apache.maven.surefire.testng.TestNGXmlTestSuite.execute(TestNGXmlTestSuite.java:75)
	at org.apache.maven.surefire.testng.TestNGProvider.invoke(TestNGProvider.java:120)
	at org.apache.maven.surefire.booter.ForkedBooter.invokeProviderInSameClassLoader(ForkedBooter.java:386)
	at org.apache.maven.surefire.booter.ForkedBooter.runSuitesInProcess(ForkedBooter.java:323)
	at org.apache.maven.surefire.booter.ForkedBooter.main(ForkedBooter.java:143)
]]>
            </full-stacktrace>
          </exception> <!-- java.lang.AssertionError -->
          <reporter-output>
          </reporter-output>
        </test-method> <!-- invalidLoginTest_InvalidUserNameInvalidPassword -->
        <test-method status="PASS" signature="teardown()[pri:0, instance:net.meritagehomes.uat.SearchTest@c7a975a]" name="teardown" is-config="true" duration-ms="1064" started-at="2018-05-08T09:30:47Z" finished-at="2018-05-08T09:30:48Z">
          <reporter-output>
          </reporter-output>
        </test-method> <!-- teardown -->
      </class> <!-- net.meritagehomes.uat.SearchTest -->
    </test> <!-- SearchFunctionVerification -->
  </suite> <!-- Initial Suite -->
</testng-results>
